2015-10-05 22:05:00,470 [http-bio-8080-exec-2] ERROR StackTrace  - Full Stack Trace:
java.lang.IndexOutOfBoundsException: Index: 1, Size: 0
	at java.util.ArrayList.rangeCheck(ArrayList.java:635)
	at java.util.ArrayList.get(ArrayList.java:411)
	at java_util_List$get$5.call(Unknown Source)
	at org.codehaus.groovy.runtime.callsite.CallSiteArray.defaultCall(CallSiteArray.java:45)
	at org.codehaus.groovy.runtime.callsite.AbstractCallSite.call(AbstractCallSite.java:108)
	at org.codehaus.groovy.runtime.callsite.AbstractCallSite.call(AbstractCallSite.java:116)
	at btg.game.DisplayQuestionController.getQuestion(DisplayQuestionController.groovy:51)
	at btg.game.DisplayQuestionController$getQuestion$0.callCurrent(Unknown Source)
	at org.codehaus.groovy.runtime.callsite.CallSiteArray.defaultCallCurrent(CallSiteArray.java:49)
	at org.codehaus.groovy.runtime.callsite.AbstractCallSite.callCurrent(AbstractCallSite.java:133)
	at org.codehaus.groovy.runtime.callsite.AbstractCallSite.callCurrent(AbstractCallSite.java:137)
	at btg.game.DisplayQuestionController.index(DisplayQuestionController.groovy:26)
	at sun.reflect.NativeMethodAccessorImpl.invoke0(Native Method)
	at sun.reflect.NativeMethodAccessorImpl.invoke(NativeMethodAccessorImpl.java:57)
	at sun.reflect.DelegatingMethodAccessorImpl.invoke(DelegatingMethodAccessorImpl.java:43)
	at java.lang.reflect.Method.invoke(Method.java:606)
	at org.springsource.loaded.ri.ReflectiveInterceptor.jlrMethodInvoke(ReflectiveInterceptor.java:1270)
	at org.codehaus.groovy.grails.web.servlet.mvc.MixedGrailsControllerHelper.invoke(MixedGrailsControllerHelper.java:154)
	at org.codehaus.groovy.grails.web.servlet.mvc.AbstractGrailsControllerHelper.handleAction(AbstractGrailsControllerHelper.java:375)
	at org.codehaus.groovy.grails.web.servlet.mvc.AbstractGrailsControllerHelper.executeAction(AbstractGrailsControllerHelper.java:252)
	at org.codehaus.groovy.grails.web.servlet.mvc.AbstractGrailsControllerHelper.handleURI(AbstractGrailsControllerHelper.java:205)
	at org.codehaus.groovy.grails.web.servlet.mvc.AbstractGrailsControllerHelper.handleURI(AbstractGrailsControllerHelper.java:126)
	at org.codehaus.groovy.grails.web.servlet.mvc.SimpleGrailsController.handleRequest(SimpleGrailsController.java:72)
	at org.springframework.web.servlet.mvc.SimpleControllerHandlerAdapter.handle(SimpleControllerHandlerAdapter.java:50)
	at org.codehaus.groovy.grails.web.servlet.GrailsDispatcherServlet.doDispatch(GrailsDispatcherServlet.java:347)
	at org.springframework.web.servlet.DispatcherServlet.doService(DispatcherServlet.java:870)
	at org.springframework.web.servlet.FrameworkServlet.processRequest(FrameworkServlet.java:961)
	at org.springframework.web.servlet.FrameworkServlet.doGet(FrameworkServlet.java:852)
	at javax.servlet.http.HttpServlet.service(HttpServlet.java:620)
	at org.springframework.web.servlet.FrameworkServlet.service(FrameworkServlet.java:837)
	at javax.servlet.http.HttpServlet.service(HttpServlet.java:727)
	at org.apache.catalina.core.ApplicationFilterChain.internalDoFilter(ApplicationFilterChain.java:303)
	at org.apache.catalina.core.ApplicationFilterChain.doFilter(ApplicationFilterChain.java:208)
	at org.apache.tomcat.websocket.server.WsFilter.doFilter(WsFilter.java:52)
	at org.apache.catalina.core.ApplicationFilterChain.internalDoFilter(ApplicationFilterChain.java:241)
	at org.apache.catalina.core.ApplicationFilterChain.doFilter(ApplicationFilterChain.java:208)
	at grails.plugin.cache.web.filter.PageFragmentCachingFilter.doFilter(PageFragmentCachingFilter.java:198)
	at grails.plugin.cache.web.filter.AbstractFilter.doFilter(AbstractFilter.java:63)
	at org.springframework.web.filter.DelegatingFilterProxy.invokeDelegate(DelegatingFilterProxy.java:344)
	at org.springframework.web.filter.DelegatingFilterProxy.doFilter(DelegatingFilterProxy.java:261)
	at org.apache.catalina.core.ApplicationFilterChain.internalDoFilter(ApplicationFilterChain.java:241)
	at org.apache.catalina.core.ApplicationFilterChain.doFilter(ApplicationFilterChain.java:208)
	at org.springframework.web.filter.OncePerRequestFilter.doFilter(OncePerRequestFilter.java:101)
	at org.apache.catalina.core.ApplicationFilterChain.internalDoFilter(ApplicationFilterChain.java:241)
	at org.apache.catalina.core.ApplicationFilterChain.doFilter(ApplicationFilterChain.java:208)
	at org.springframework.web.filter.OncePerRequestFilter.doFilter(OncePerRequestFilter.java:101)
	at org.apache.catalina.core.ApplicationFilterChain.internalDoFilter(ApplicationFilterChain.java:241)
	at org.apache.catalina.core.ApplicationFilterChain.doFilter(ApplicationFilterChain.java:208)
	at org.springframework.web.filter.OncePerRequestFilter.doFilter(OncePerRequestFilter.java:101)
	at org.apache.catalina.core.ApplicationFilterChain.internalDoFilter(ApplicationFilterChain.java:241)
	at org.apache.catalina.core.ApplicationFilterChain.doFilter(ApplicationFilterChain.java:208)
	at org.apache.catalina.core.ApplicationDispatcher.invoke(ApplicationDispatcher.java:748)
	at org.apache.catalina.core.ApplicationDispatcher.processRequest(ApplicationDispatcher.java:486)
	at org.apache.catalina.core.ApplicationDispatcher.doForward(ApplicationDispatcher.java:411)
	at org.apache.catalina.core.ApplicationDispatcher.forward(ApplicationDispatcher.java:338)
	at org.codehaus.groovy.grails.web.mapping.UrlMappingUtils.forwardRequestForUrlMappingInfo(UrlMappingUtils.java:178)
	at org.codehaus.groovy.grails.web.mapping.UrlMappingUtils.forwardRequestForUrlMappingInfo(UrlMappingUtils.java:144)
	at org.codehaus.groovy.grails.web.mapping.UrlMappingUtils.forwardRequestForUrlMappingInfo(UrlMappingUtils.java:135)
	at org.codehaus.groovy.grails.web.mapping.filter.UrlMappingsFilter.doFilterInternal(UrlMappingsFilter.java:216)
	at org.springframework.web.filter.OncePerRequestFilter.doFilter(OncePerRequestFilter.java:107)
	at org.apache.catalina.core.ApplicationFilterChain.internalDoFilter(ApplicationFilterChain.java:241)
	at org.apache.catalina.core.ApplicationFilterChain.doFilter(ApplicationFilterChain.java:208)
	at org.codehaus.groovy.grails.web.servlet.mvc.GrailsWebRequestFilter.doFilterInternal(GrailsWebRequestFilter.java:69)
	at org.springframework.web.filter.OncePerRequestFilter.doFilter(OncePerRequestFilter.java:107)
	at org.apache.catalina.core.ApplicationFilterChain.internalDoFilter(ApplicationFilterChain.java:241)
	at org.apache.catalina.core.ApplicationFilterChain.doFilter(ApplicationFilterChain.java:208)
	at org.codehaus.groovy.grails.web.filters.HiddenHttpMethodFilter.doFilterInternal(HiddenHttpMethodFilter.java:67)
	at org.springframework.web.filter.OncePerRequestFilter.doFilter(OncePerRequestFilter.java:107)
	at org.apache.catalina.core.ApplicationFilterChain.internalDoFilter(ApplicationFilterChain.java:241)
	at org.apache.catalina.core.ApplicationFilterChain.doFilter(ApplicationFilterChain.java:208)
	at org.springframework.web.filter.CharacterEncodingFilter.doFilterInternal(CharacterEncodingFilter.java:88)
	at org.springframework.web.filter.OncePerRequestFilter.doFilter(OncePerRequestFilter.java:107)
	at org.springframework.web.filter.DelegatingFilterProxy.invokeDelegate(DelegatingFilterProxy.java:344)
	at org.springframework.web.filter.DelegatingFilterProxy.doFilter(DelegatingFilterProxy.java:261)
	at org.apache.catalina.core.ApplicationFilterChain.internalDoFilter(ApplicationFilterChain.java:241)
	at org.apache.catalina.core.ApplicationFilterChain.doFilter(ApplicationFilterChain.java:208)
	at org.apache.catalina.core.StandardWrapperValve.invoke(StandardWrapperValve.java:220)
	at org.apache.catalina.core.StandardContextValve.invoke(StandardContextValve.java:122)
	at org.apache.catalina.core.StandardHostValve.invoke(StandardHostValve.java:171)
	at org.apache.catalina.valves.ErrorReportValve.invoke(ErrorReportValve.java:103)
	at org.apache.catalina.core.StandardEngineValve.invoke(StandardEngineValve.java:116)
	at org.apache.catalina.connector.CoyoteAdapter.service(CoyoteAdapter.java:408)
	at org.apache.coyote.http11.AbstractHttp11Processor.process(AbstractHttp11Processor.java:1070)
	at org.apache.coyote.AbstractProtocol$AbstractConnectionHandler.process(AbstractProtocol.java:611)
	at org.apache.tomcat.util.net.JIoEndpoint$SocketProcessor.run(JIoEndpoint.java:316)
	at java.util.concurrent.ThreadPoolExecutor.runWorker(ThreadPoolExecutor.java:1145)
	at java.util.concurrent.ThreadPoolExecutor$Worker.run(ThreadPoolExecutor.java:615)
	at org.apache.tomcat.util.threads.TaskThread$WrappingRunnable.run(TaskThread.java:61)
	at java.lang.Thread.run(Thread.java:745)
2015-10-05 22:05:00,475 [http-bio-8080-exec-2] ERROR StackTrace  - Full Stack Trace:
java.lang.IndexOutOfBoundsException: Index: 1, Size: 0
	at java.util.ArrayList.rangeCheck(ArrayList.java:635)
	at java.util.ArrayList.get(ArrayList.java:411)
	at btg.game.DisplayQuestionController.getQuestion(DisplayQuestionController.groovy:51)
	at btg.game.DisplayQuestionController.index(DisplayQuestionController.groovy:26)
	at grails.plugin.cache.web.filter.PageFragmentCachingFilter.doFilter(PageFragmentCachingFilter.java:198)
	at grails.plugin.cache.web.filter.AbstractFilter.doFilter(AbstractFilter.java:63)
	at java.util.concurrent.ThreadPoolExecutor.runWorker(ThreadPoolExecutor.java:1145)
	at java.util.concurrent.ThreadPoolExecutor$Worker.run(ThreadPoolExecutor.java:615)
	at java.lang.Thread.run(Thread.java:745)
2015-10-05 22:05:00,491 [http-bio-8080-exec-2] ERROR StackTrace  - Full Stack Trace:
java.lang.IndexOutOfBoundsException: Index: 1, Size: 0
	at java.util.ArrayList.rangeCheck(ArrayList.java:635)
	at java.util.ArrayList.get(ArrayList.java:411)
	at btg.game.DisplayQuestionController.getQuestion(DisplayQuestionController.groovy:51)
	at btg.game.DisplayQuestionController.index(DisplayQuestionController.groovy:26)
	at grails.plugin.cache.web.filter.PageFragmentCachingFilter.doFilter(PageFragmentCachingFilter.java:198)
	at grails.plugin.cache.web.filter.AbstractFilter.doFilter(AbstractFilter.java:63)
	at java.util.concurrent.ThreadPoolExecutor.runWorker(ThreadPoolExecutor.java:1145)
	at java.util.concurrent.ThreadPoolExecutor$Worker.run(ThreadPoolExecutor.java:615)
	at java.lang.Thread.run(Thread.java:745)
2015-10-05 22:05:00,491 [http-bio-8080-exec-2] ERROR StackTrace  - Full Stack Trace:
java.lang.IndexOutOfBoundsException: Index: 1, Size: 0
	at java.util.ArrayList.rangeCheck(ArrayList.java:635)
	at java.util.ArrayList.get(ArrayList.java:411)
	at btg.game.DisplayQuestionController.getQuestion(DisplayQuestionController.groovy:51)
	at btg.game.DisplayQuestionController.index(DisplayQuestionController.groovy:26)
	at grails.plugin.cache.web.filter.PageFragmentCachingFilter.doFilter(PageFragmentCachingFilter.java:198)
	at grails.plugin.cache.web.filter.AbstractFilter.doFilter(AbstractFilter.java:63)
	at java.util.concurrent.ThreadPoolExecutor.runWorker(ThreadPoolExecutor.java:1145)
	at java.util.concurrent.ThreadPoolExecutor$Worker.run(ThreadPoolExecutor.java:615)
	at java.lang.Thread.run(Thread.java:745)
2015-10-05 22:05:00,491 [http-bio-8080-exec-2] ERROR StackTrace  - Full Stack Trace:
java.lang.IndexOutOfBoundsException: Index: 1, Size: 0
	at java.util.ArrayList.rangeCheck(ArrayList.java:635)
	at java.util.ArrayList.get(ArrayList.java:411)
	at btg.game.DisplayQuestionController.getQuestion(DisplayQuestionController.groovy:51)
	at btg.game.DisplayQuestionController.index(DisplayQuestionController.groovy:26)
	at grails.plugin.cache.web.filter.PageFragmentCachingFilter.doFilter(PageFragmentCachingFilter.java:198)
	at grails.plugin.cache.web.filter.AbstractFilter.doFilter(AbstractFilter.java:63)
	at java.util.concurrent.ThreadPoolExecutor.runWorker(ThreadPoolExecutor.java:1145)
	at java.util.concurrent.ThreadPoolExecutor$Worker.run(ThreadPoolExecutor.java:615)
	at java.lang.Thread.run(Thread.java:745)
2015-10-05 22:05:00,491 [http-bio-8080-exec-2] ERROR StackTrace  - Full Stack Trace:
java.lang.IndexOutOfBoundsException: Index: 1, Size: 0
	at java.util.ArrayList.rangeCheck(ArrayList.java:635)
	at java.util.ArrayList.get(ArrayList.java:411)
	at btg.game.DisplayQuestionController.getQuestion(DisplayQuestionController.groovy:51)
	at btg.game.DisplayQuestionController.index(DisplayQuestionController.groovy:26)
	at grails.plugin.cache.web.filter.PageFragmentCachingFilter.doFilter(PageFragmentCachingFilter.java:198)
	at grails.plugin.cache.web.filter.AbstractFilter.doFilter(AbstractFilter.java:63)
	at java.util.concurrent.ThreadPoolExecutor.runWorker(ThreadPoolExecutor.java:1145)
	at java.util.concurrent.ThreadPoolExecutor$Worker.run(ThreadPoolExecutor.java:615)
	at java.lang.Thread.run(Thread.java:745)
